<?xml version="1.0" encoding="UTF-8"?>
<!-- Generated by org.testng.reporters.JUnitXMLReporter -->
<testsuite hostname="Sagar" ignored="0" name="Act Time" tests="5" failures="0" timestamp="2020-09-01T12:33:14 IST" time="171.116" errors="0">
  <testcase name="screenShotTest" time="0.42" classname="com.qa.act.tests.LoginPageTest"/>
  <testcase name="validateLoginTest" time="0.381" classname="com.qa.act.tests.LoginPageTest"/>
  <testcase name="SettingsTest" time="43.068" classname="com.qa.act.tests.HomePageTest"/>
  <testcase name="clickNewUserLinkTest" time="13.831" classname="com.qa.act.tests.HomePageTest"/>
  <testcase name="validateTimeTrackTest" time="15.932" classname="com.qa.act.tests.TimeTrackTest"/>
</testsuite> <!-- Act Time -->
